<?xml version="1.0" encoding="UTF-8"?>
<!-- Generated by org.testng.reporters.JUnitReportReporter -->
<testsuite skipped="0" hostname="GROUPBRIGHT" name="WiniumTest" tests="1" failures="0" timestamp="10 Feb 2022 06:57:25 GMT" time="28.677" errors="0">
  <testcase name="calculatorTest" time="28.677" classname="WiniumTest"/>
</testsuite> <!-- WiniumTest -->
